#
# There is insufficient memory for the Java Runtime Environment to continue.
# Native memory allocation (mmap) failed to map 255852544 bytes. Error detail: G1 virtual space
# Possible reasons:
#   The system is out of physical RAM or swap space
#   This process is running with CompressedOops enabled, and the Java Heap may be blocking the growth of the native heap
# Possible solutions:
#   Reduce memory load on the system
#   Increase physical memory or swap space
#   Check if swap backing store is full
#   Decrease Java heap size (-Xmx/-Xms)
#   Decrease number of Java threads
#   Decrease Java thread stack sizes (-Xss)
#   Set larger code cache with -XX:ReservedCodeCacheSize=
#   JVM is running with Zero Based Compressed Oops mode in which the Java heap is
#     placed in the first 32GB address space. The Java Heap base address is the
#     maximum limit for the native heap growth. Please use -XX:HeapBaseMinAddress
#     to set the Java Heap base and to place the Java Heap above 32GB virtual address.
# This output file may be truncated or incomplete.
#
#  Out of Memory Error (os_windows.cpp:3707), pid=31476, tid=3440
#
# JRE version:  (23.0.2+7) (build )
# Java VM: Java HotSpot(TM) 64-Bit Server VM (23.0.2+7-58, mixed mode, sharing, tiered, compressed oops, compressed class ptrs, g1 gc, windows-amd64)
# No core dump will be written. Minidumps are not enabled by default on client versions of Windows
#

---------------  S U M M A R Y ------------

Command Line: -Dfile.encoding=UTF-8 --module-path=C:\Users\ASUS\OneDrive\Documents\NetBeansProjects\Book My Trip\build\classes book.my.trip.Login

Host: AMD Ryzen 7 6800H with Radeon Graphics         , 16 cores, 15G,  Windows 11 , 64 bit Build 26100 (10.0.26100.3624)
Time: Mon Mar 31 01:01:33 2025 Bangladesh Standard Time elapsed time: 2.027998 seconds (0d 0h 0m 2s)

---------------  T H R E A D  ---------------

Current thread (0x0000024563bb9630):  JavaThread "Unknown thread" [_thread_in_vm, id=3440, stack(0x000000c726200000,0x000000c726300000) (1024K)]

Stack: [0x000000c726200000,0x000000c726300000]
Native frames: (J=compiled Java code, j=interpreted, Vv=VM code, C=native code)
V  [jvm.dll+0x6e0b99]  (no source info available)
V  [jvm.dll+0x87e2b3]  (no source info available)
V  [jvm.dll+0x88073e]  (no source info available)
V  [jvm.dll+0x880e13]  (no source info available)
V  [jvm.dll+0x27b006]  (no source info available)
V  [jvm.dll+0x6dd485]  (no source info available)
V  [jvm.dll+0x6d127a]  (no source info available)
V  [jvm.dll+0x35b50a]  (no source info available)
V  [jvm.dll+0x363916]  (no source info available)
V  [jvm.dll+0x34fe7e]  (no source info available)
V  [jvm.dll+0x350118]  (no source info available)
V  [jvm.dll+0x328aec]  (no source info available)
V  [jvm.dll+0x32978e]  (no source info available)
V  [jvm.dll+0x8449a5]  (no source info available)
V  [jvm.dll+0x3b9a08]  (no source info available)
V  [jvm.dll+0x82d68c]  (no source info available)
V  [jvm.dll+0x454f2e]  (no source info available)
V  [jvm.dll+0x456db1]  (no source info available)
C  [jli.dll+0x52a3]  (no source info available)
C  [ucrtbase.dll+0x37b0]  (no source info available)
C  [KERNEL32.DLL+0x2e8d7]  (no source info available)
C  [ntdll.dll+0xb14fc]  (no source info available)

Lock stack of current Java thread (top to bottom):


---------------  P R O C E S S  ---------------

Threads class SMR info:
_java_thread_list=0x00007ffdfeda4618, length=0, elements={
}

Java Threads: ( => current thread )
Total: 0

Other Threads:
  0x0000024563c1cb80 WorkerThread "GC Thread#0"                     [id=15676, stack(0x000000c726300000,0x000000c726400000) (1024K)]
  0x0000024563c31d60 ConcurrentGCThread "G1 Main Marker"            [id=15900, stack(0x000000c726400000,0x000000c726500000) (1024K)]
  0x0000024563c33790 WorkerThread "G1 Conc#0"                       [id=30984, stack(0x000000c726500000,0x000000c726600000) (1024K)]

[error occurred during error reporting (printing all threads), id 0xc0000005, EXCEPTION_ACCESS_VIOLATION (0xc0000005) at pc=0x00007ffdfe4ec0da]
VM state: not at safepoint (not fully initialized)

VM Mutex/Monitor currently owned by a thread:  ([mutex/lock_event])
[0x00007ffdfee24988] Heap_lock - owner thread: 0x0000024563bb9630

Heap address: 0x000000070c000000, size: 3904 MB, Compressed Oops mode: Zero based, Oop shift amount: 3

CDS archive(s) mapped at: [0x0000000000000000-0x0000000000000000-0x0000000000000000), size 0, SharedBaseAddress: 0x0000000800000000, ArchiveRelocationMode: 1.
Narrow klass base: 0x0000000000000000, Narrow klass shift: 0, Narrow klass range: 0x0

GC Precious Log:
 CardTable entry size: 512
 Card Set container configuration: InlinePtr #cards 4 size 8 Array Of Cards #cards 16 size 48 Howl #buckets 8 coarsen threshold 3686 Howl Bitmap #cards 512 size 80 coarsen threshold 460 Card regions per heap region 1 cards per card region 4096

Heap:
 garbage-first heap   total reserved 3997696K, committed 0K, used 0K [0x000000070c000000, 0x0000000800000000)
  region size 2048K, 0 young (0K), 0 survivors (0K)

[error occurred during error reporting (printing heap information), id 0xc0000005, EXCEPTION_ACCESS_VIOLATION (0xc0000005) at pc=0x00007ffdfe8ec6a9]
GC Heap History (0 events):
No events

Dll operation events (1 events):
Event: 0.006 Loaded shared library C:\Program Files\Java\jdk-23\bin\java.dll

Deoptimization events (0 events):
No events

Classes loaded (0 events):
No events

Classes unloaded (0 events):
No events

Classes redefined (0 events):
No events

Internal exceptions (0 events):
No events

VM Operations (0 events):
No events

Memory protections (0 events):
No events

Nmethod flushes (0 events):
No events

Events (0 events):
No events


Dynamic libraries:
0x00007ff77ba30000 - 0x00007ff77ba40000 	C:\Program Files\Java\jdk-23\bin\java.exe
0x00007ffe7cb40000 - 0x00007ffe7cda0000 	C:\WINDOWS\SYSTEM32\ntdll.dll
0x00007ffe7c2d0000 - 0x00007ffe7c397000 	C:\WINDOWS\System32\KERNEL32.DLL
0x00007ffe7a1f0000 - 0x00007ffe7a5bb000 	C:\WINDOWS\System32\KERNELBASE.dll
0x00007ffe7a5c0000 - 0x00007ffe7a70b000 	C:\WINDOWS\System32\ucrtbase.dll
0x00007ffe71550000 - 0x00007ffe7156b000 	C:\Program Files\Java\jdk-23\bin\VCRUNTIME140.dll
0x00007ffe6b720000 - 0x00007ffe6b737000 	C:\Program Files\Java\jdk-23\bin\jli.dll
0x00007ffe7bbf0000 - 0x00007ffe7bdbc000 	C:\WINDOWS\System32\USER32.dll
0x00007ffe668a0000 - 0x00007ffe66b37000 	C:\WINDOWS\WinSxS\amd64_microsoft.windows.common-controls_6595b64144ccf1df_6.0.26100.3624_none_3e086962e3345f24\COMCTL32.dll
0x00007ffe7a710000 - 0x00007ffe7a737000 	C:\WINDOWS\System32\win32u.dll
0x00007ffe7ad60000 - 0x00007ffe7ae09000 	C:\WINDOWS\System32\msvcrt.dll
0x00007ffe7bb70000 - 0x00007ffe7bb9a000 	C:\WINDOWS\System32\GDI32.dll
0x00007ffe79d20000 - 0x00007ffe79e51000 	C:\WINDOWS\System32\gdi32full.dll
0x00007ffe7a890000 - 0x00007ffe7a933000 	C:\WINDOWS\System32\msvcp_win.dll
0x00007ffe7bf80000 - 0x00007ffe7bfaf000 	C:\WINDOWS\System32\IMM32.DLL
0x00007ffe75090000 - 0x00007ffe7509c000 	C:\Program Files\Java\jdk-23\bin\vcruntime140_1.dll
0x00007ffe2b300000 - 0x00007ffe2b38e000 	C:\Program Files\Java\jdk-23\bin\msvcp140.dll
0x00007ffdfe1b0000 - 0x00007ffdfef00000 	C:\Program Files\Java\jdk-23\bin\server\jvm.dll
0x00007ffe7c3a0000 - 0x00007ffe7c453000 	C:\WINDOWS\System32\ADVAPI32.dll
0x00007ffe7b390000 - 0x00007ffe7b436000 	C:\WINDOWS\System32\sechost.dll
0x00007ffe7bfd0000 - 0x00007ffe7c0e6000 	C:\WINDOWS\System32\RPCRT4.dll
0x00007ffe7c460000 - 0x00007ffe7c4d4000 	C:\WINDOWS\System32\WS2_32.dll
0x00007ffe70890000 - 0x00007ffe708c6000 	C:\WINDOWS\SYSTEM32\WINMM.dll
0x00007ffe78990000 - 0x00007ffe789ee000 	C:\WINDOWS\SYSTEM32\POWRPROF.dll
0x00007ffe708d0000 - 0x00007ffe708db000 	C:\WINDOWS\SYSTEM32\VERSION.dll
0x00007ffe78970000 - 0x00007ffe78984000 	C:\WINDOWS\SYSTEM32\UMPDC.dll
0x00007ffe78c50000 - 0x00007ffe78c6a000 	C:\WINDOWS\SYSTEM32\kernel.appcore.dll
0x00007ffe71720000 - 0x00007ffe7172a000 	C:\Program Files\Java\jdk-23\bin\jimage.dll
0x00007ffe6c220000 - 0x00007ffe6c461000 	C:\WINDOWS\SYSTEM32\DBGHELP.DLL
0x00007ffe7a9d0000 - 0x00007ffe7ad53000 	C:\WINDOWS\System32\combase.dll
0x00007ffe7c8b0000 - 0x00007ffe7c986000 	C:\WINDOWS\System32\OLEAUT32.dll
0x00007ffe60760000 - 0x00007ffe60799000 	C:\WINDOWS\SYSTEM32\dbgcore.DLL
0x00007ffe79fe0000 - 0x00007ffe7a079000 	C:\WINDOWS\System32\bcryptPrimitives.dll
0x00007ffe6e3b0000 - 0x00007ffe6e3ce000 	C:\Program Files\Java\jdk-23\bin\java.dll
0x00007ffe7bde0000 - 0x00007ffe7bf76000 	C:\WINDOWS\System32\ole32.dll
0x00007ffe7b440000 - 0x00007ffe7bb69000 	C:\WINDOWS\System32\SHELL32.dll
0x00007ffe7a080000 - 0x00007ffe7a1e8000 	C:\WINDOWS\System32\wintypes.dll

dbghelp: loaded successfully - version: 4.0.5 - missing functions: none
symbol engine: initialized successfully - sym options: 0x614 - pdb path: .;C:\Program Files\Java\jdk-23\bin;C:\WINDOWS\SYSTEM32;C:\WINDOWS\WinSxS\amd64_microsoft.windows.common-controls_6595b64144ccf1df_6.0.26100.3624_none_3e086962e3345f24;C:\Program Files\Java\jdk-23\bin\server

VM Arguments:
jvm_args: -Dfile.encoding=UTF-8 --module-path=C:\Users\ASUS\OneDrive\Documents\NetBeansProjects\Book My Trip\build\classes 
java_command: book.my.trip.Login
java_class_path (initial): C:\Users\ASUS\OneDrive\Documents\NetBeansProjects\Book My Trip\build\classes
Launcher Type: SUN_STANDARD

[Global flags]
     intx CICompilerCount                          = 12                                        {product} {ergonomic}
     uint ConcGCThreads                            = 3                                         {product} {ergonomic}
     uint G1ConcRefinementThreads                  = 13                                        {product} {ergonomic}
   size_t G1HeapRegionSize                         = 2097152                                   {product} {ergonomic}
   size_t InitialHeapSize                          = 255852544                                 {product} {ergonomic}
   size_t MarkStackSize                            = 4194304                                   {product} {ergonomic}
   size_t MarkStackSizeMax                         = 536870912                                 {product} {ergonomic}
   size_t MaxHeapSize                              = 4093640704                                {product} {ergonomic}
   size_t MinHeapDeltaBytes                        = 2097152                                   {product} {ergonomic}
   size_t MinHeapSize                              = 8388608                                   {product} {ergonomic}
    uintx NonNMethodCodeHeapSize                   = 7602176                                {pd product} {ergonomic}
    uintx NonProfiledCodeHeapSize                  = 122093568                              {pd product} {ergonomic}
    uintx ProfiledCodeHeapSize                     = 121962496                              {pd product} {ergonomic}
    uintx ReservedCodeCacheSize                    = 251658240                              {pd product} {ergonomic}
     bool SegmentedCodeCache                       = true                                      {product} {ergonomic}
   size_t SoftMaxHeapSize                          = 4093640704                             {manageable} {ergonomic}
     bool UseCompressedOops                        = true                           {product lp64_product} {ergonomic}
     bool UseG1GC                                  = true                                      {product} {ergonomic}
     bool UseLargePagesIndividualAllocation        = false                                  {pd product} {ergonomic}

Logging:
Log output configuration:
 #0: stdout all=warning uptime,level,tags foldmultilines=false
 #1: stderr all=off uptime,level,tags foldmultilines=false

Environment Variables:
PATH=C:\Program Files\Common Files\Oracle\Java\javapath;C:\WINDOWS\system32;C:\WINDOWS;C:\WINDOWS\System32\Wbem;C:\WINDOWS\System32\WindowsPowerShell\v1.0\;C:\WINDOWS\System32\OpenSSH\;C:\Program Files\dotnet\;C:\Program Files\NVIDIA Corporation\NVIDIA app\NvDLISR;C:\Program Files (x86)\NVIDIA Corporation\PhysX\Common;C:\Program Files\Java\jdk-23\bin;C:\Program Files\Java\jdk-23;C:\Program Files\MySQL\MySQL Shell 8.0\bin\;C:\Users\ASUS\AppData\Local\Programs\Python\Launcher\;C:\Users\ASUS\AppData\Local\Microsoft\WindowsApps;C:\Users\ASUS\AppData\Local\GitHubDesktop\bin;C:\Users\ASUS\AppData\Local\Programs\Microsoft VS Code\bin;C:\MinGW\libexec\mingw-get;
USERNAME=ASUS
OS=Windows_NT
PROCESSOR_IDENTIFIER=AMD64 Family 25 Model 68 Stepping 1, AuthenticAMD
TMP=C:\Users\ASUS\AppData\Local\Temp
TEMP=C:\Users\ASUS\AppData\Local\Temp




Periodic native trim disabled

---------------  S Y S T E M  ---------------

OS:
 Windows 11 , 64 bit Build 26100 (10.0.26100.3624)
OS uptime: 0 days 3:07 hours
Hyper-V role detected

CPU: total 16 (initial active 16) (16 cores per cpu, 2 threads per core) family 25 model 68 stepping 1 microcode 0xa404101, cx8, cmov, fxsr, ht, mmx, 3dnowpref, sse, sse2, sse3, ssse3, sse4a, sse4.1, sse4.2, popcnt, lzcnt, tsc, tscinvbit, avx, avx2, aes, clmul, bmi1, bmi2, adx, sha, fma, vzeroupper, clflush, clflushopt, hv, rdtscp, rdpid, f16c, cet_ss
Processor Information for the first 16 processors :
  Max Mhz: 3201, Current Mhz: 3201, Mhz Limit: 3201

Memory: 4k page, system-wide physical 15613M (3921M free)
TotalPageFile size 41216M (AvailPageFile size 91M)
current process WorkingSet (physical memory assigned to process): 13M, peak: 13M
current process commit charge ("private bytes"): 71M, peak: 315M

vm_info: Java HotSpot(TM) 64-Bit Server VM (23.0.2+7-58) for windows-amd64 JRE (23.0.2+7-58), built on 2024-11-29T09:34:55Z with MS VC++ 17.6 (VS2022)

END.
